c:\users\kiwi3\documents\university\year 4\cmp405_tools\cmp405_tools\woffcedit\x64\debug\vc143.pdb
c:\users\kiwi3\documents\university\year 4\cmp405_tools\cmp405_tools\woffcedit\x64\debug\vc143.idb
c:\users\kiwi3\documents\university\year 4\cmp405_tools\cmp405_tools\woffcedit\x64\debug\toolmain.obj
c:\users\kiwi3\documents\university\year 4\cmp405_tools\cmp405_tools\woffcedit\x64\debug\selectdialogue.obj
c:\users\kiwi3\documents\university\year 4\cmp405_tools\cmp405_tools\woffcedit\x64\debug\sceneobject.obj
c:\users\kiwi3\documents\university\year 4\cmp405_tools\cmp405_tools\woffcedit\x64\debug\mfcmain.obj
c:\users\kiwi3\documents\university\year 4\cmp405_tools\cmp405_tools\woffcedit\x64\debug\pch.obj
c:\users\kiwi3\documents\university\year 4\cmp405_tools\cmp405_tools\woffcedit\x64\debug\mfcrenderframe.obj
c:\users\kiwi3\documents\university\year 4\cmp405_tools\cmp405_tools\woffcedit\x64\debug\mfcframe.obj
c:\users\kiwi3\documents\university\year 4\cmp405_tools\cmp405_tools\woffcedit\x64\debug\main.obj
c:\users\kiwi3\documents\university\year 4\cmp405_tools\cmp405_tools\woffcedit\x64\debug\game.obj
c:\users\kiwi3\documents\university\year 4\cmp405_tools\cmp405_tools\woffcedit\x64\debug\displayobject.obj
c:\users\kiwi3\documents\university\year 4\cmp405_tools\cmp405_tools\woffcedit\x64\debug\displaychunk.obj
c:\users\kiwi3\documents\university\year 4\cmp405_tools\cmp405_tools\woffcedit\x64\debug\deviceresources.obj
c:\users\kiwi3\documents\university\year 4\cmp405_tools\cmp405_tools\woffcedit\x64\debug\chunkobject.obj
c:\users\kiwi3\documents\university\year 4\cmp405_tools\cmp405_tools\woffcedit\x64\debug\camera.obj
c:\users\kiwi3\documents\university\year 4\cmp405_tools\cmp405_tools\woffcedit\x64\debug\sqlite3.obj
c:\users\kiwi3\documents\university\year 4\cmp405_tools\cmp405_tools\woffcedit\x64\debug\texturedialogue.obj
c:\users\kiwi3\documents\university\year 4\cmp405_tools\cmp405_tools\woffcedit\x64\debug\createobjectdialogue.obj
c:\users\kiwi3\documents\university\year 4\cmp405_tools\cmp405_tools\woffcedit\x64\debug\wofedit.exe
c:\users\kiwi3\documents\university\year 4\cmp405_tools\cmp405_tools\woffcedit\x64\debug\wofedit.ilk
c:\users\kiwi3\documents\university\year 4\cmp405_tools\cmp405_tools\woffcedit\x64\debug\wofedit.pdb
c:\users\kiwi3\documents\university\year 4\cmp405_tools\cmp405_tools\woffcedit\x64\debug\win32simplesample.res
c:\users\kiwi3\documents\university\year 4\cmp405_tools\cmp405_tools\woffcedit\x64\debug\selectdialogue.obj.enc
c:\users\kiwi3\documents\university\year 4\cmp405_tools\cmp405_tools\woffcedit\x64\debug\wofedit.tlog\cl.command.1.tlog
c:\users\kiwi3\documents\university\year 4\cmp405_tools\cmp405_tools\woffcedit\x64\debug\wofedit.tlog\cl.items.tlog
c:\users\kiwi3\documents\university\year 4\cmp405_tools\cmp405_tools\woffcedit\x64\debug\wofedit.tlog\cl.read.1.tlog
c:\users\kiwi3\documents\university\year 4\cmp405_tools\cmp405_tools\woffcedit\x64\debug\wofedit.tlog\cl.write.1.tlog
c:\users\kiwi3\documents\university\year 4\cmp405_tools\cmp405_tools\woffcedit\x64\debug\wofedit.tlog\link.command.1.tlog
c:\users\kiwi3\documents\university\year 4\cmp405_tools\cmp405_tools\woffcedit\x64\debug\wofedit.tlog\link.read.1.tlog
c:\users\kiwi3\documents\university\year 4\cmp405_tools\cmp405_tools\woffcedit\x64\debug\wofedit.tlog\link.write.1.tlog
c:\users\kiwi3\documents\university\year 4\cmp405_tools\cmp405_tools\woffcedit\x64\debug\wofedit.tlog\rc.command.1.tlog
c:\users\kiwi3\documents\university\year 4\cmp405_tools\cmp405_tools\woffcedit\x64\debug\wofedit.tlog\rc.read.1.tlog
c:\users\kiwi3\documents\university\year 4\cmp405_tools\cmp405_tools\woffcedit\x64\debug\wofedit.tlog\rc.write.1.tlog
